<?xml version="1.0" encoding="UTF-8"?>
<!-- Generated by org.testng.reporters.JUnitReportReporter -->
<testsuite hostname="9140A-419" failures="0" tests="1" name="testcases.AdminUserSearchTestCase" time="6.052" errors="0" timestamp="2025-01-03T12:31:04 GMT+08:00" skipped="0">
  <testcase classname="testcases.AdminUserSearchTestCase" name="verifyUserIsableToSearchUsernameandType" time="6.052"/>
  <system-out/>
</testsuite> <!-- testcases.AdminUserSearchTestCase -->
