<?xml version="1.0" encoding="UTF-8"?>
<!-- Generated by org.testng.reporters.JUnitReportReporter -->
<testsuite hostname="9140A-419" failures="0" tests="1" name="testcases.ManageNewsTestcase" time="5.413" errors="0" timestamp="2025-01-03T12:17:30 GMT+08:00" skipped="0">
  <testcase classname="testcases.ManageNewsTestcase" name="verifyUserisAbletoEnterManageNews" time="5.413"/>
  <system-out/>
</testsuite> <!-- testcases.ManageNewsTestcase -->
