<?xml version="1.0" encoding="UTF-8"?>
<!-- Generated by org.testng.reporters.JUnitReportReporter -->
<testsuite hostname="9140A-419" failures="0" tests="1" name="testcases.SubCategoryAdd" time="10.424" errors="0" timestamp="2025-01-02T13:05:53 GMT+08:00" skipped="0">
  <testcase classname="testcases.SubCategoryAdd" name="verifyUserisableToUploadFileForSubcatogories" time="10.424"/>
  <system-out/>
</testsuite> <!-- testcases.SubCategoryAdd -->
