<?xml version="1.0" encoding="UTF-8"?>
<!-- Generated by org.testng.reporters.JUnitReportReporter -->
<testsuite hostname="Sruthi" failures="0" tests="1" name="testcase.SearchProductTestcase" time="13.050" errors="0" timestamp="2025-01-13T23:11:38 IST" skipped="0">
  <testcase classname="testcase.SearchProductTestcase" name="verifyUserisableToSearchProduct" time="13.050"/>
  <system-out/>
</testsuite> <!-- testcase.SearchProductTestcase -->
