<?xml version="1.0" encoding="UTF-8"?>
<!-- Generated by org.testng.reporters.JUnitReportReporter -->
<testsuite hostname="Sruthi" failures="0" tests="1" name="testcase.LoginTestcase" time="27.982" errors="0" timestamp="2025-01-08T18:49:48 IST" skipped="0">
  <testcase classname="testcase.LoginTestcase" name="verifyUserIsableToLoginwithValidUsernameandInvalidPassword" time="27.982"/>
  <system-out/>
</testsuite> <!-- testcase.LoginTestcase -->
