<?xml version="1.0" encoding="UTF-8"?>
<!-- Generated by org.testng.reporters.JUnitReportReporter -->
<testsuite hostname="Sruthi" failures="0" tests="2" name="testcase.LoginTestcase" time="12.468" errors="0" timestamp="2025-01-10T11:08:37 IST" skipped="0">
  <testcase classname="testcase.LoginTestcase" name="verifyUserIsableToLoginwithInValidUsernameandInvalidPassword" time="5.634"/>
  <system-out/>
  <testcase classname="testcase.LoginTestcase" name="verifyUserIsableToLoginwithValidUsernameandInvalidPassword" time="6.834"/>
  <system-out/>
</testsuite> <!-- testcase.LoginTestcase -->
