<?xml version="1.0" encoding="UTF-8"?>
<!-- Generated by org.testng.reporters.JUnitReportReporter -->
<testsuite hostname="Sruthi" failures="0" tests="1" name="testcase.ManageNewsTestcase" time="24.602" errors="0" timestamp="2025-01-10T10:58:14 IST" skipped="0">
  <testcase classname="testcase.ManageNewsTestcase" name="verifyUserisAbletoEnterManageNews" time="24.602"/>
  <system-out/>
</testsuite> <!-- testcase.ManageNewsTestcase -->
