<?xml version="1.0" encoding="UTF-8"?>
<!-- Generated by org.testng.reporters.JUnitReportReporter -->
<testsuite hostname="Sruthi" failures="0" tests="1" name="testcase.SearchUserDeleteTestcase" time="12.463" errors="0" timestamp="2025-01-13T23:55:45 IST" skipped="0">
  <testcase classname="testcase.SearchUserDeleteTestcase" name="verifyUserIsableToDeleteSearchedUser" time="12.463"/>
  <system-out/>
</testsuite> <!-- testcase.SearchUserDeleteTestcase -->
