<?xml version="1.0" encoding="UTF-8"?>
<!-- Generated by org.testng.reporters.JUnitReportReporter -->
<testsuite hostname="Sruthi" failures="0" tests="1" name="testcase.SubCategoryAdd" time="21.995" errors="0" timestamp="2025-01-11T18:37:46 IST" skipped="0">
  <testcase classname="testcase.SubCategoryAdd" name="verifyUserisableToUploadFileForSubcatogories" time="21.995"/>
  <system-out/>
</testsuite> <!-- testcase.SubCategoryAdd -->
