<?xml version="1.0" encoding="UTF-8"?>
<!-- Generated by org.testng.reporters.JUnitReportReporter -->
<testsuite hostname="Sruthi" failures="0" tests="1" name="testcase.HomePageTestcase" time="26.376" errors="0" timestamp="2025-01-08T19:44:05 IST" skipped="0">
  <testcase classname="testcase.HomePageTestcase" name="verifyUserisabletoLogoutSuccessfully" time="26.376"/>
  <system-out/>
</testsuite> <!-- testcase.HomePageTestcase -->
