<?xml version="1.0" encoding="UTF-8"?>
<!-- Generated by org.testng.reporters.JUnitReportReporter -->
<testsuite hostname="9140A-419" failures="0" tests="1" name="testScript.LoginTestcase" time="9.436" errors="0" timestamp="2025-01-01T23:31:47 GMT+08:00" skipped="0">
  <testcase classname="testScript.LoginTestcase" name="verifyuserisableToLoginValidCredentials" time="9.436"/>
  <system-out/>
</testsuite> <!-- testScript.LoginTestcase -->
